2012/12/05 01:12:56 [error] [exception.CDbException] could not find driver
2012/12/05 01:12:56 [error] [exception.CDbException] exception 'CDbException' with message 'CDbConnection failed to open the DB connection.' in C:\Program Files (x86)\PostgreSQL\EnterpriseDB-ApachePHP\apache\www\yii\framework\db\CDbConnection.php:388
Stack trace:
#0 C:\Program Files (x86)\PostgreSQL\EnterpriseDB-ApachePHP\apache\www\yii\framework\db\CDbConnection.php(331): CDbConnection->open()
#1 C:\Program Files (x86)\PostgreSQL\EnterpriseDB-ApachePHP\apache\www\yii\framework\db\CDbConnection.php(309): CDbConnection->setActive(true)
#2 C:\Program Files (x86)\PostgreSQL\EnterpriseDB-ApachePHP\apache\www\yii\framework\base\CModule.php(388): CDbConnection->init()
#3 C:\Program Files (x86)\PostgreSQL\EnterpriseDB-ApachePHP\apache\www\yii\framework\base\CApplication.php(431): CModule->getComponent('db')
#4 C:\Program Files (x86)\PostgreSQL\EnterpriseDB-ApachePHP\apache\www\yii\framework\db\ar\CActiveRecord.php(624): CApplication->getDb()
#5 C:\Program Files (x86)\PostgreSQL\EnterpriseDB-ApachePHP\apache\www\yii\framework\db\ar\CActiveRecord.php(2311): CActiveRecord->getDbConnection()
#6 C:\Program Files (x86)\PostgreSQL\EnterpriseDB-ApachePHP\apache\www\yii\framework\db\ar\CActiveRecord.php(388): CActiveRecordMetaData->__construct(Object(Post))
#7 C:\Program Files (x86)\PostgreSQL\EnterpriseDB-ApachePHP\apache\www\yii\framework\web\CActiveDataProvider.php(75): CActiveRecord::model('Post')
#8 C:\Program Files (x86)\PostgreSQL\EnterpriseDB-ApachePHP\apache\www\yii\demos\blog\protected\controllers\PostController.php(132): CActiveDataProvider->__construct('Post', Array)
#9 C:\Program Files (x86)\PostgreSQL\EnterpriseDB-ApachePHP\apache\www\yii\framework\web\actions\CInlineAction.php(50): PostController->actionIndex()
#10 C:\Program Files (x86)\PostgreSQL\EnterpriseDB-ApachePHP\apache\www\yii\framework\web\CController.php(309): CInlineAction->runWithParams(Array)
#11 C:\Program Files (x86)\PostgreSQL\EnterpriseDB-ApachePHP\apache\www\yii\framework\web\filters\CFilterChain.php(134): CController->runAction(Object(CInlineAction))
#12 C:\Program Files (x86)\PostgreSQL\EnterpriseDB-ApachePHP\apache\www\yii\framework\web\filters\CFilter.php(41): CFilterChain->run()
#13 C:\Program Files (x86)\PostgreSQL\EnterpriseDB-ApachePHP\apache\www\yii\framework\web\CController.php(1146): CFilter->filter(Object(CFilterChain))
#14 C:\Program Files (x86)\PostgreSQL\EnterpriseDB-ApachePHP\apache\www\yii\framework\web\filters\CInlineFilter.php(59): CController->filterAccessControl(Object(CFilterChain))
#15 C:\Program Files (x86)\PostgreSQL\EnterpriseDB-ApachePHP\apache\www\yii\framework\web\filters\CFilterChain.php(131): CInlineFilter->filter(Object(CFilterChain))
#16 C:\Program Files (x86)\PostgreSQL\EnterpriseDB-ApachePHP\apache\www\yii\framework\web\CController.php(292): CFilterChain->run()
#17 C:\Program Files (x86)\PostgreSQL\EnterpriseDB-ApachePHP\apache\www\yii\framework\web\CController.php(266): CController->runActionWithFilters(Object(CInlineAction), Array)
#18 C:\Program Files (x86)\PostgreSQL\EnterpriseDB-ApachePHP\apache\www\yii\framework\web\CWebApplication.php(283): CController->run('')
#19 C:\Program Files (x86)\PostgreSQL\EnterpriseDB-ApachePHP\apache\www\yii\framework\web\CWebApplication.php(142): CWebApplication->runController('')
#20 C:\Program Files (x86)\PostgreSQL\EnterpriseDB-ApachePHP\apache\www\yii\framework\base\CApplication.php(162): CWebApplication->processRequest()
#21 C:\Program Files (x86)\PostgreSQL\EnterpriseDB-ApachePHP\apache\www\yii\demos\blog\index.php(11): CApplication->run()
#22 {main}
REQUEST_URI=/yii/demos/blog/
---
