2013/06/04 12:55:41 [error] [exception.CHttpException.400] exception 'CHttpException' with message 'Your request is invalid.' in C:\wamp\www\data\yii\framework\web\CController.php:337
Stack trace:
#0 C:\wamp\www\data\yii\framework\web\CController.php(310): CController->invalidActionParams(Object(CInlineAction))
#1 C:\wamp\www\data\yii\framework\web\filters\CFilterChain.php(134): CController->runAction(Object(CInlineAction))
#2 C:\wamp\www\data\yii\framework\web\filters\CFilter.php(41): CFilterChain->run()
#3 C:\wamp\www\data\yii\framework\web\CController.php(1146): CFilter->filter(Object(CFilterChain))
#4 C:\wamp\www\data\yii\framework\web\filters\CInlineFilter.php(59): CController->filterAccessControl(Object(CFilterChain))
#5 C:\wamp\www\data\yii\framework\web\filters\CFilterChain.php(131): CInlineFilter->filter(Object(CFilterChain))
#6 C:\wamp\www\data\yii\framework\web\CController.php(292): CFilterChain->run()
#7 C:\wamp\www\data\yii\framework\web\CController.php(266): CController->runActionWithFilters(Object(CInlineAction), Array)
#8 C:\wamp\www\data\yii\framework\web\CWebApplication.php(283): CController->run('viewPlan')
#9 C:\wamp\www\data\yii\framework\web\CWebApplication.php(142): CWebApplication->runController('deliveryPlan/vi...')
#10 C:\wamp\www\data\yii\framework\base\CApplication.php(162): CWebApplication->processRequest()
#11 C:\wamp\www\data\dispenserapp\index.php(13): CApplication->run()
#12 {main}
REQUEST_URI=/data/dispenserapp/index.php?r=deliveryPlan/viewPlan&id=19&lenDel=
HTTP_REFERER=http://localhost/data/dispenserapp/index.php?r=deliveryPlan/create
---
2013/06/04 12:55:41 [error] [php] Undefined variable: users (C:\wamp\www\data\dispenserapp\protected\controllers\DeliveryPlanController.php:106)
Stack trace:
#0 C:\wamp\www\data\yii\framework\web\filters\CFilterChain.php(134): DeliveryPlanController->runAction()
#1 C:\wamp\www\data\yii\framework\web\filters\CFilter.php(41): CFilterChain->run()
#2 C:\wamp\www\data\yii\framework\web\CController.php(1146): CAccessControlFilter->filter()
#3 C:\wamp\www\data\yii\framework\web\filters\CInlineFilter.php(59): DeliveryPlanController->filterAccessControl()
#4 C:\wamp\www\data\yii\framework\web\filters\CFilterChain.php(131): CInlineFilter->filter()
#5 C:\wamp\www\data\yii\framework\web\CController.php(292): CFilterChain->run()
#6 C:\wamp\www\data\yii\framework\web\CController.php(266): DeliveryPlanController->runActionWithFilters()
#7 C:\wamp\www\data\yii\framework\web\CWebApplication.php(283): DeliveryPlanController->run()
#8 C:\wamp\www\data\yii\framework\web\CWebApplication.php(142): CWebApplication->runController()
#9 C:\wamp\www\data\yii\framework\base\CApplication.php(162): CWebApplication->processRequest()
#10 C:\wamp\www\data\dispenserapp\index.php(13): CWebApplication->run()
REQUEST_URI=/data/dispenserapp/index.php?r=deliveryPlan/create
in C:\wamp\www\data\dispenserapp\protected\controllers\DeliveryPlanController.php (106)
in C:\wamp\www\data\dispenserapp\index.php (13)
2013/06/04 12:55:43 [error] [php] Undefined variable: users (C:\wamp\www\data\dispenserapp\protected\controllers\DeliveryPlanController.php:106)
Stack trace:
#0 C:\wamp\www\data\yii\framework\web\filters\CFilterChain.php(134): DeliveryPlanController->runAction()
#1 C:\wamp\www\data\yii\framework\web\filters\CFilter.php(41): CFilterChain->run()
#2 C:\wamp\www\data\yii\framework\web\CController.php(1146): CAccessControlFilter->filter()
#3 C:\wamp\www\data\yii\framework\web\filters\CInlineFilter.php(59): DeliveryPlanController->filterAccessControl()
#4 C:\wamp\www\data\yii\framework\web\filters\CFilterChain.php(131): CInlineFilter->filter()
#5 C:\wamp\www\data\yii\framework\web\CController.php(292): CFilterChain->run()
#6 C:\wamp\www\data\yii\framework\web\CController.php(266): DeliveryPlanController->runActionWithFilters()
#7 C:\wamp\www\data\yii\framework\web\CWebApplication.php(283): DeliveryPlanController->run()
#8 C:\wamp\www\data\yii\framework\web\CWebApplication.php(142): CWebApplication->runController()
#9 C:\wamp\www\data\yii\framework\base\CApplication.php(162): CWebApplication->processRequest()
#10 C:\wamp\www\data\dispenserapp\index.php(13): CWebApplication->run()
REQUEST_URI=/data/dispenserapp/index.php?r=deliveryPlan/create
in C:\wamp\www\data\dispenserapp\protected\controllers\DeliveryPlanController.php (106)
in C:\wamp\www\data\dispenserapp\index.php (13)
2013/06/04 12:55:46 [error] [php] Undefined variable: users (C:\wamp\www\data\dispenserapp\protected\controllers\DeliveryPlanController.php:106)
Stack trace:
#0 C:\wamp\www\data\yii\framework\web\filters\CFilterChain.php(134): DeliveryPlanController->runAction()
#1 C:\wamp\www\data\yii\framework\web\filters\CFilter.php(41): CFilterChain->run()
#2 C:\wamp\www\data\yii\framework\web\CController.php(1146): CAccessControlFilter->filter()
#3 C:\wamp\www\data\yii\framework\web\filters\CInlineFilter.php(59): DeliveryPlanController->filterAccessControl()
#4 C:\wamp\www\data\yii\framework\web\filters\CFilterChain.php(131): CInlineFilter->filter()
#5 C:\wamp\www\data\yii\framework\web\CController.php(292): CFilterChain->run()
#6 C:\wamp\www\data\yii\framework\web\CController.php(266): DeliveryPlanController->runActionWithFilters()
#7 C:\wamp\www\data\yii\framework\web\CWebApplication.php(283): DeliveryPlanController->run()
#8 C:\wamp\www\data\yii\framework\web\CWebApplication.php(142): CWebApplication->runController()
#9 C:\wamp\www\data\yii\framework\base\CApplication.php(162): CWebApplication->processRequest()
#10 C:\wamp\www\data\dispenserapp\index.php(13): CWebApplication->run()
REQUEST_URI=/data/dispenserapp/index.php?r=deliveryPlan/create
in C:\wamp\www\data\dispenserapp\protected\controllers\DeliveryPlanController.php (106)
in C:\wamp\www\data\dispenserapp\index.php (13)
2013/06/04 12:55:47 [error] [php] Undefined variable: users (C:\wamp\www\data\dispenserapp\protected\controllers\DeliveryPlanController.php:106)
Stack trace:
#0 C:\wamp\www\data\yii\framework\web\filters\CFilterChain.php(134): DeliveryPlanController->runAction()
#1 C:\wamp\www\data\yii\framework\web\filters\CFilter.php(41): CFilterChain->run()
#2 C:\wamp\www\data\yii\framework\web\CController.php(1146): CAccessControlFilter->filter()
#3 C:\wamp\www\data\yii\framework\web\filters\CInlineFilter.php(59): DeliveryPlanController->filterAccessControl()
#4 C:\wamp\www\data\yii\framework\web\filters\CFilterChain.php(131): CInlineFilter->filter()
#5 C:\wamp\www\data\yii\framework\web\CController.php(292): CFilterChain->run()
#6 C:\wamp\www\data\yii\framework\web\CController.php(266): DeliveryPlanController->runActionWithFilters()
#7 C:\wamp\www\data\yii\framework\web\CWebApplication.php(283): DeliveryPlanController->run()
#8 C:\wamp\www\data\yii\framework\web\CWebApplication.php(142): CWebApplication->runController()
#9 C:\wamp\www\data\yii\framework\base\CApplication.php(162): CWebApplication->processRequest()
#10 C:\wamp\www\data\dispenserapp\index.php(13): CWebApplication->run()
REQUEST_URI=/data/dispenserapp/index.php?r=deliveryPlan/create
in C:\wamp\www\data\dispenserapp\protected\controllers\DeliveryPlanController.php (106)
in C:\wamp\www\data\dispenserapp\index.php (13)
2013/06/04 12:55:48 [error] [exception.CHttpException.400] exception 'CHttpException' with message 'Your request is invalid.' in C:\wamp\www\data\yii\framework\web\CController.php:337
Stack trace:
#0 C:\wamp\www\data\yii\framework\web\CController.php(310): CController->invalidActionParams(Object(CInlineAction))
#1 C:\wamp\www\data\yii\framework\web\filters\CFilterChain.php(134): CController->runAction(Object(CInlineAction))
#2 C:\wamp\www\data\yii\framework\web\filters\CFilter.php(41): CFilterChain->run()
#3 C:\wamp\www\data\yii\framework\web\CController.php(1146): CFilter->filter(Object(CFilterChain))
#4 C:\wamp\www\data\yii\framework\web\filters\CInlineFilter.php(59): CController->filterAccessControl(Object(CFilterChain))
#5 C:\wamp\www\data\yii\framework\web\filters\CFilterChain.php(131): CInlineFilter->filter(Object(CFilterChain))
#6 C:\wamp\www\data\yii\framework\web\CController.php(292): CFilterChain->run()
#7 C:\wamp\www\data\yii\framework\web\CController.php(266): CController->runActionWithFilters(Object(CInlineAction), Array)
#8 C:\wamp\www\data\yii\framework\web\CWebApplication.php(283): CController->run('viewPlan')
#9 C:\wamp\www\data\yii\framework\web\CWebApplication.php(142): CWebApplication->runController('deliveryPlan/vi...')
#10 C:\wamp\www\data\yii\framework\base\CApplication.php(162): CWebApplication->processRequest()
#11 C:\wamp\www\data\dispenserapp\index.php(13): CApplication->run()
#12 {main}
REQUEST_URI=/data/dispenserapp/index.php?r=deliveryPlan/viewPlan&id=19&lenDel=
HTTP_REFERER=http://localhost/data/dispenserapp/index.php?r=deliveryPlan/create
---
2013/06/04 12:55:49 [error] [php] Undefined variable: users (C:\wamp\www\data\dispenserapp\protected\controllers\DeliveryPlanController.php:106)
Stack trace:
#0 C:\wamp\www\data\yii\framework\web\filters\CFilterChain.php(134): DeliveryPlanController->runAction()
#1 C:\wamp\www\data\yii\framework\web\filters\CFilter.php(41): CFilterChain->run()
#2 C:\wamp\www\data\yii\framework\web\CController.php(1146): CAccessControlFilter->filter()
#3 C:\wamp\www\data\yii\framework\web\filters\CInlineFilter.php(59): DeliveryPlanController->filterAccessControl()
#4 C:\wamp\www\data\yii\framework\web\filters\CFilterChain.php(131): CInlineFilter->filter()
#5 C:\wamp\www\data\yii\framework\web\CController.php(292): CFilterChain->run()
#6 C:\wamp\www\data\yii\framework\web\CController.php(266): DeliveryPlanController->runActionWithFilters()
#7 C:\wamp\www\data\yii\framework\web\CWebApplication.php(283): DeliveryPlanController->run()
#8 C:\wamp\www\data\yii\framework\web\CWebApplication.php(142): CWebApplication->runController()
#9 C:\wamp\www\data\yii\framework\base\CApplication.php(162): CWebApplication->processRequest()
#10 C:\wamp\www\data\dispenserapp\index.php(13): CWebApplication->run()
REQUEST_URI=/data/dispenserapp/index.php?r=deliveryPlan/create
in C:\wamp\www\data\dispenserapp\protected\controllers\DeliveryPlanController.php (106)
in C:\wamp\www\data\dispenserapp\index.php (13)
2013/06/04 12:55:50 [error] [php] Undefined variable: users (C:\wamp\www\data\dispenserapp\protected\controllers\DeliveryPlanController.php:106)
Stack trace:
#0 C:\wamp\www\data\yii\framework\web\filters\CFilterChain.php(134): DeliveryPlanController->runAction()
#1 C:\wamp\www\data\yii\framework\web\filters\CFilter.php(41): CFilterChain->run()
#2 C:\wamp\www\data\yii\framework\web\CController.php(1146): CAccessControlFilter->filter()
#3 C:\wamp\www\data\yii\framework\web\filters\CInlineFilter.php(59): DeliveryPlanController->filterAccessControl()
#4 C:\wamp\www\data\yii\framework\web\filters\CFilterChain.php(131): CInlineFilter->filter()
#5 C:\wamp\www\data\yii\framework\web\CController.php(292): CFilterChain->run()
#6 C:\wamp\www\data\yii\framework\web\CController.php(266): DeliveryPlanController->runActionWithFilters()
#7 C:\wamp\www\data\yii\framework\web\CWebApplication.php(283): DeliveryPlanController->run()
#8 C:\wamp\www\data\yii\framework\web\CWebApplication.php(142): CWebApplication->runController()
#9 C:\wamp\www\data\yii\framework\base\CApplication.php(162): CWebApplication->processRequest()
#10 C:\wamp\www\data\dispenserapp\index.php(13): CWebApplication->run()
REQUEST_URI=/data/dispenserapp/index.php?r=deliveryPlan/create
in C:\wamp\www\data\dispenserapp\protected\controllers\DeliveryPlanController.php (106)
in C:\wamp\www\data\dispenserapp\index.php (13)
2013/06/04 12:56:03 [error] [php] Undefined variable: usermodel (C:\wamp\www\data\dispenserapp\protected\views\deliveryPlan\create.php:18)
Stack trace:
#0 C:\wamp\www\data\yii\framework\web\CController.php(870): DeliveryPlanController->renderFile()
#1 C:\wamp\www\data\yii\framework\web\CController.php(783): DeliveryPlanController->renderPartial()
#2 C:\wamp\www\data\dispenserapp\protected\controllers\DeliveryPlanController.php(106): DeliveryPlanController->render()
#3 C:\wamp\www\data\yii\framework\web\actions\CInlineAction.php(50): DeliveryPlanController->actionCreate()
#4 C:\wamp\www\data\yii\framework\web\CController.php(309): CInlineAction->runWithParams()
#5 C:\wamp\www\data\yii\framework\web\filters\CFilterChain.php(134): DeliveryPlanController->runAction()
#6 C:\wamp\www\data\yii\framework\web\filters\CFilter.php(41): CFilterChain->run()
#7 C:\wamp\www\data\yii\framework\web\CController.php(1146): CAccessControlFilter->filter()
#8 C:\wamp\www\data\yii\framework\web\filters\CInlineFilter.php(59): DeliveryPlanController->filterAccessControl()
#9 C:\wamp\www\data\yii\framework\web\filters\CFilterChain.php(131): CInlineFilter->filter()
#10 C:\wamp\www\data\yii\framework\web\CController.php(292): CFilterChain->run()
#11 C:\wamp\www\data\yii\framework\web\CController.php(266): DeliveryPlanController->runActionWithFilters()
#12 C:\wamp\www\data\yii\framework\web\CWebApplication.php(283): DeliveryPlanController->run()
#13 C:\wamp\www\data\yii\framework\web\CWebApplication.php(142): CWebApplication->runController()
#14 C:\wamp\www\data\yii\framework\base\CApplication.php(162): CWebApplication->processRequest()
#15 C:\wamp\www\data\dispenserapp\index.php(13): CWebApplication->run()
REQUEST_URI=/data/dispenserapp/index.php?r=deliveryPlan/create
in C:\wamp\www\data\dispenserapp\protected\views\deliveryPlan\create.php (18)
in C:\wamp\www\data\dispenserapp\protected\controllers\DeliveryPlanController.php (106)
in C:\wamp\www\data\dispenserapp\index.php (13)
2013/06/04 12:57:32 [warning] [application] Failed to set unsafe attribute "deliveries_per_day" of "DeliveryPlan".
in C:\wamp\www\data\dispenserapp\protected\controllers\DeliveryPlanController.php (81)
in C:\wamp\www\data\dispenserapp\index.php (13)
2013/06/04 12:57:33 [error] [exception.CHttpException.400] exception 'CHttpException' with message 'Your request is invalid.' in C:\wamp\www\data\yii\framework\web\CController.php:337
Stack trace:
#0 C:\wamp\www\data\yii\framework\web\CController.php(310): CController->invalidActionParams(Object(CInlineAction))
#1 C:\wamp\www\data\yii\framework\web\filters\CFilterChain.php(134): CController->runAction(Object(CInlineAction))
#2 C:\wamp\www\data\yii\framework\web\filters\CFilter.php(41): CFilterChain->run()
#3 C:\wamp\www\data\yii\framework\web\CController.php(1146): CFilter->filter(Object(CFilterChain))
#4 C:\wamp\www\data\yii\framework\web\filters\CInlineFilter.php(59): CController->filterAccessControl(Object(CFilterChain))
#5 C:\wamp\www\data\yii\framework\web\filters\CFilterChain.php(131): CInlineFilter->filter(Object(CFilterChain))
#6 C:\wamp\www\data\yii\framework\web\CController.php(292): CFilterChain->run()
#7 C:\wamp\www\data\yii\framework\web\CController.php(266): CController->runActionWithFilters(Object(CInlineAction), Array)
#8 C:\wamp\www\data\yii\framework\web\CWebApplication.php(283): CController->run('viewPlan')
#9 C:\wamp\www\data\yii\framework\web\CWebApplication.php(142): CWebApplication->runController('deliveryPlan/vi...')
#10 C:\wamp\www\data\yii\framework\base\CApplication.php(162): CWebApplication->processRequest()
#11 C:\wamp\www\data\dispenserapp\index.php(13): CApplication->run()
#12 {main}
REQUEST_URI=/data/dispenserapp/index.php?r=deliveryPlan/viewPlan&id=20&lenDel=10
HTTP_REFERER=http://localhost/data/dispenserapp/index.php?r=deliveryPlan/create
---
2013/06/04 12:58:22 [warning] [application] Failed to set unsafe attribute "deliveries_per_day" of "DeliveryPlan".
in C:\wamp\www\data\dispenserapp\protected\controllers\DeliveryPlanController.php (81)
in C:\wamp\www\data\dispenserapp\index.php (13)
2013/06/04 12:59:21 [warning] [application] Failed to set unsafe attribute "deliveries_per_day" of "DeliveryPlan".
in C:\wamp\www\data\dispenserapp\protected\controllers\DeliveryPlanController.php (81)
in C:\wamp\www\data\dispenserapp\index.php (13)
2013/06/04 12:59:21 [error] [system.db.CDbCommand] CDbCommand::execute() failed: SQLSTATE[23503]: Foreign key violation: 7 ERROR:  insert or update on table "delivery" violates foreign key constraint "waterpoint_id"
DETAIL:  Key (waterpoint_id)=(2001) is not present in table "waterpoints".. The SQL statement executed was: INSERT INTO "delivery" ("complete", "waterpoint_id", "delivery_date", "staff_id", "delivery_plan_id") VALUES (:yp0, :yp1, :yp2, :yp3, :yp4).
in C:\wamp\www\data\dispenserapp\protected\controllers\DeliveryPlanController.php (233)
in C:\wamp\www\data\dispenserapp\protected\controllers\DeliveryPlanController.php (88)
in C:\wamp\www\data\dispenserapp\index.php (13)
2013/06/04 12:59:21 [error] [exception.CDbException] exception 'CDbException' with message 'CDbCommand failed to execute the SQL statement: SQLSTATE[23503]: Foreign key violation: 7 ERROR:  insert or update on table "delivery" violates foreign key constraint "waterpoint_id"
DETAIL:  Key (waterpoint_id)=(2001) is not present in table "waterpoints".. The SQL statement executed was: INSERT INTO "delivery" ("complete", "waterpoint_id", "delivery_date", "staff_id", "delivery_plan_id") VALUES (:yp0, :yp1, :yp2, :yp3, :yp4)' in C:\wamp\www\data\yii\framework\db\CDbCommand.php:354
Stack trace:
#0 C:\wamp\www\data\yii\framework\db\ar\CActiveRecord.php(1017): CDbCommand->execute()
#1 C:\wamp\www\data\yii\framework\db\ar\CActiveRecord.php(796): CActiveRecord->insert(NULL)
#2 C:\wamp\www\data\dispenserapp\protected\controllers\DeliveryPlanController.php(233): CActiveRecord->save()
#3 C:\wamp\www\data\dispenserapp\protected\controllers\DeliveryPlanController.php(88): DeliveryPlanController->createDeliveries('Busia Delivery ...', '2013-06-05', NULL, Array, Array, '22')
#4 C:\wamp\www\data\yii\framework\web\actions\CInlineAction.php(50): DeliveryPlanController->actionCreate()
#5 C:\wamp\www\data\yii\framework\web\CController.php(309): CInlineAction->runWithParams(Array)
#6 C:\wamp\www\data\yii\framework\web\filters\CFilterChain.php(134): CController->runAction(Object(CInlineAction))
#7 C:\wamp\www\data\yii\framework\web\filters\CFilter.php(41): CFilterChain->run()
#8 C:\wamp\www\data\yii\framework\web\CController.php(1146): CFilter->filter(Object(CFilterChain))
#9 C:\wamp\www\data\yii\framework\web\filters\CInlineFilter.php(59): CController->filterAccessControl(Object(CFilterChain))
#10 C:\wamp\www\data\yii\framework\web\filters\CFilterChain.php(131): CInlineFilter->filter(Object(CFilterChain))
#11 C:\wamp\www\data\yii\framework\web\CController.php(292): CFilterChain->run()
#12 C:\wamp\www\data\yii\framework\web\CController.php(266): CController->runActionWithFilters(Object(CInlineAction), Array)
#13 C:\wamp\www\data\yii\framework\web\CWebApplication.php(283): CController->run('create')
#14 C:\wamp\www\data\yii\framework\web\CWebApplication.php(142): CWebApplication->runController('deliveryPlan/cr...')
#15 C:\wamp\www\data\yii\framework\base\CApplication.php(162): CWebApplication->processRequest()
#16 C:\wamp\www\data\dispenserapp\index.php(13): CApplication->run()
#17 {main}
REQUEST_URI=/data/dispenserapp/index.php?r=deliveryPlan/create
HTTP_REFERER=http://localhost/data/dispenserapp/index.php?r=deliveryPlan/create
---
2013/06/04 13:00:15 [warning] [application] Failed to set unsafe attribute "deliveries_per_day" of "DeliveryPlan".
in C:\wamp\www\data\dispenserapp\protected\controllers\DeliveryPlanController.php (81)
in C:\wamp\www\data\dispenserapp\index.php (13)
2013/06/04 13:09:35 [error] [php] Undefined variable: lenDel (C:\wamp\www\data\dispenserapp\protected\views\deliveryPlan\viewPlan.php:31)
Stack trace:
#0 C:\wamp\www\data\yii\framework\web\CController.php(870): DeliveryPlanController->renderFile()
#1 C:\wamp\www\data\yii\framework\web\CController.php(783): DeliveryPlanController->renderPartial()
#2 C:\wamp\www\data\dispenserapp\protected\controllers\DeliveryPlanController.php(64): DeliveryPlanController->render()
#3 unknown(0): DeliveryPlanController->actionViewPlan()
#4 C:\wamp\www\data\yii\framework\web\actions\CAction.php(107): ReflectionMethod->invokeArgs()
#5 C:\wamp\www\data\yii\framework\web\actions\CInlineAction.php(48): CInlineAction->runWithParamsInternal()
#6 C:\wamp\www\data\yii\framework\web\CController.php(309): CInlineAction->runWithParams()
#7 C:\wamp\www\data\yii\framework\web\filters\CFilterChain.php(134): DeliveryPlanController->runAction()
#8 C:\wamp\www\data\yii\framework\web\filters\CFilter.php(41): CFilterChain->run()
#9 C:\wamp\www\data\yii\framework\web\CController.php(1146): CAccessControlFilter->filter()
#10 C:\wamp\www\data\yii\framework\web\filters\CInlineFilter.php(59): DeliveryPlanController->filterAccessControl()
#11 C:\wamp\www\data\yii\framework\web\filters\CFilterChain.php(131): CInlineFilter->filter()
#12 C:\wamp\www\data\yii\framework\web\CController.php(292): CFilterChain->run()
#13 C:\wamp\www\data\yii\framework\web\CController.php(266): DeliveryPlanController->runActionWithFilters()
#14 C:\wamp\www\data\yii\framework\web\CWebApplication.php(283): DeliveryPlanController->run()
#15 C:\wamp\www\data\yii\framework\web\CWebApplication.php(142): CWebApplication->runController()
#16 C:\wamp\www\data\yii\framework\base\CApplication.php(162): CWebApplication->processRequest()
#17 C:\wamp\www\data\dispenserapp\index.php(13): CWebApplication->run()
REQUEST_URI=/data/dispenserapp/index.php?r=deliveryPlan/viewPlan&id=23&deliveries=2,3,4
in C:\wamp\www\data\dispenserapp\protected\views\deliveryPlan\viewPlan.php (31)
in C:\wamp\www\data\dispenserapp\protected\controllers\DeliveryPlanController.php (64)
in C:\wamp\www\data\dispenserapp\index.php (13)
2013/06/04 13:15:30 [warning] [application] Failed to set unsafe attribute "deliveries_per_day" of "DeliveryPlan".
in C:\wamp\www\data\dispenserapp\protected\controllers\DeliveryPlanController.php (80)
in C:\wamp\www\data\dispenserapp\index.php (13)
2013/06/04 13:24:01 [error] [exception.CHttpException.403] exception 'CHttpException' with message 'You are not authorized to perform this action.' in C:\wamp\www\data\yii\framework\web\auth\CAccessControlFilter.php:170
Stack trace:
#0 C:\wamp\www\data\yii\framework\web\auth\CAccessControlFilter.php(133): CAccessControlFilter->accessDenied(Object(CWebUser), 'You are not aut...')
#1 C:\wamp\www\data\yii\framework\web\filters\CFilter.php(39): CAccessControlFilter->preFilter(Object(CFilterChain))
#2 C:\wamp\www\data\yii\framework\web\CController.php(1146): CFilter->filter(Object(CFilterChain))
#3 C:\wamp\www\data\yii\framework\web\filters\CInlineFilter.php(59): CController->filterAccessControl(Object(CFilterChain))
#4 C:\wamp\www\data\yii\framework\web\filters\CFilterChain.php(131): CInlineFilter->filter(Object(CFilterChain))
#5 C:\wamp\www\data\yii\framework\web\CController.php(292): CFilterChain->run()
#6 C:\wamp\www\data\yii\framework\web\CController.php(266): CController->runActionWithFilters(Object(CInlineAction), Array)
#7 C:\wamp\www\data\yii\framework\web\CWebApplication.php(283): CController->run('admin')
#8 C:\wamp\www\data\yii\framework\web\CWebApplication.php(142): CWebApplication->runController('delivery/admin')
#9 C:\wamp\www\data\yii\framework\base\CApplication.php(162): CWebApplication->processRequest()
#10 C:\wamp\www\data\dispenserapp\index.php(13): CApplication->run()
#11 {main}
REQUEST_URI=/data/dispenserapp/index.php?r=delivery/admin
HTTP_REFERER=http://localhost/data/dispenserapp/index.php?r=delivery/index
---
2013/06/04 13:43:42 [warning] [application] Failed to set unsafe attribute "deliveries_per_day" of "DeliveryPlan".
in C:\wamp\www\data\dispenserapp\protected\controllers\DeliveryPlanController.php (106)
in C:\wamp\www\data\dispenserapp\index.php (13)
2013/06/04 13:55:41 [warning] [application] Failed to set unsafe attribute "deliveries_per_day" of "DeliveryPlan".
in C:\wamp\www\data\dispenserapp\protected\controllers\DeliveryPlanController.php (106)
in C:\wamp\www\data\dispenserapp\index.php (13)
